2013-02-12 20:24:53.106 DonegalIOS[19972:15b03] Multi-tasking -> Device: YES, App: YES
2013-02-12 20:25:35.994 DonegalIOS[19972:15b03] [LOG] constructing command
2013-02-12 20:25:55.084 DonegalIOS[19972:15b03] Failed to load webpage with error: Frame load interrupted
2013-02-12 20:25:56.582 DonegalIOS[19972:15b03] Failed to load webpage with error: Frame load interrupted
2013-02-12 20:26:14.043 DonegalIOS[19972:15b03] [LOG] not fetched!
2013-02-12 20:26:14.044 DonegalIOS[19972:15b03] [LOG] constructing command
2013-02-12 20:26:23.832 DonegalIOS[19972:15b03] [LOG] constructing command
2013-02-12 20:26:26.161 DonegalIOS[19972:15b03] [LOG] not fetched!
2013-02-12 20:26:26.161 DonegalIOS[19972:15b03] [LOG] constructing command
2013-02-12 20:26:49.589 DonegalIOS[19972:15b03] Failed to load webpage with error: The requested URL was not found on this server.
2013-02-12 20:26:51.892 DonegalIOS[19972:15b03] Failed to load webpage with error: The requested URL was not found on this server.
2013-02-12 20:26:57.163 DonegalIOS[19972:15b03] Failed to load webpage with error: The requested URL was not found on this server.
2013-02-12 20:26:58.929 DonegalIOS[19972:15b03] Failed to load webpage with error: The requested URL was not found on this server.
2013-02-12 20:27:00.038 DonegalIOS[19972:15b03] Failed to load webpage with error: The requested URL was not found on this server.
2013-02-12 20:27:03.320 DonegalIOS[19972:15b03] [LOG] not fetched!
2013-02-12 20:27:03.320 DonegalIOS[19972:15b03] [LOG] constructing command
2013-02-12 20:29:51.083 DonegalIOS[19972:15b03] Failed to load webpage with error: Frame load interrupted
2013-02-12 20:29:53.352 DonegalIOS[19972:15b03] Failed to load webpage with error: The requested URL was not found on this server.
Terminating in response to SpringBoard's termination.
2013-02-13 15:00:39.124 DonegalIOS[24338:15b03] Multi-tasking -> Device: YES, App: YES
2013-02-13 15:07:09.454 DonegalIOS[24483:15b03] Multi-tasking -> Device: YES, App: YES
2013-02-13 15:07:18.490 DonegalIOS[24483:15b03] Failed to load webpage with error: Frame load interrupted
2013-02-13 15:07:19.769 DonegalIOS[24483:15b03] Failed to load webpage with error: Frame load interrupted
Terminating in response to SpringBoard's termination.
2013-02-13 15:15:15.029 DonegalIOS[25043:15b03] Multi-tasking -> Device: YES, App: YES
2013-02-13 15:23:57.021 DonegalIOS[25424:15b03] Multi-tasking -> Device: YES, App: YES
Terminating in response to SpringBoard's termination.
2013-02-13 16:05:06.006 DonegalIOS[26582:15b03] Multi-tasking -> Device: YES, App: YES
Terminating in response to SpringBoard's termination.
2013-02-13 16:13:40.455 DonegalIOS[27206:15b03] Multi-tasking -> Device: YES, App: YES
2013-02-13 16:27:41.355 DonegalIOS[27448:15b03] Multi-tasking -> Device: YES, App: YES
Terminating in response to SpringBoard's termination.
2013-02-13 16:28:29.608 DonegalIOS[27497:15b03] Multi-tasking -> Device: YES, App: YES
2013-02-13 16:28:31.306 DonegalIOS[27497:15b03] Failed to load webpage with error: The requested URL was not found on this server.
2013-02-13 16:28:32.103 DonegalIOS[27497:15b03] Failed to load webpage with error: Frame load interrupted
2013-02-13 16:28:33.001 DonegalIOS[27497:15b03] Failed to load webpage with error: Frame load interrupted
2013-02-13 16:28:33.637 DonegalIOS[27497:15b03] Failed to load webpage with error: The requested URL was not found on this server.
2013-02-13 16:28:34.249 DonegalIOS[27497:15b03] Failed to load webpage with error: The requested URL was not found on this server.
2013-02-13 16:28:34.825 DonegalIOS[27497:15b03] Failed to load webpage with error: Frame load interrupted
2013-02-13 16:29:23.340 DonegalIOS[27674:15b03] Multi-tasking -> Device: YES, App: YES
2013-02-13 16:29:27.889 DonegalIOS[27674:15b03] Failed to load webpage with error: The requested URL was not found on this server.
2013-02-13 16:29:29.656 DonegalIOS[27674:15b03] Failed to load webpage with error: The requested URL was not found on this server.
2013-02-13 16:29:30.222 DonegalIOS[27674:15b03] Failed to load webpage with error: The requested URL was not found on this server.
2013-02-13 16:29:36.427 DonegalIOS[27674:15b03] Failed to load webpage with error: Frame load interrupted
2013-02-13 16:29:36.996 DonegalIOS[27674:15b03] Failed to load webpage with error: The requested URL was not found on this server.
2013-02-13 16:29:38.917 DonegalIOS[27674:15b03] Failed to load webpage with error: The requested URL was not found on this server.
2013-02-13 16:29:40.128 DonegalIOS[27674:15b03] Failed to load webpage with error: The requested URL was not found on this server.
Terminating in response to SpringBoard's termination.
2013-02-13 16:39:47.450 DonegalIOS[28144:15b03] Multi-tasking -> Device: YES, App: YES
2013-02-13 16:39:49.787 DonegalIOS[28144:15b03] Failed to load webpage with error: The requested URL was not found on this server.
2013-02-13 16:39:49.944 DonegalIOS[28144:15b03] Failed to load webpage with error: The requested URL was not found on this server.
2013-02-13 16:39:51.044 DonegalIOS[28144:15b03] Failed to load webpage with error: The requested URL was not found on this server.
2013-02-13 16:46:25.613 DonegalIOS[28565:15b03] Multi-tasking -> Device: YES, App: YES
2013-02-13 16:46:28.292 DonegalIOS[28565:15b03] Failed to load webpage with error: The requested URL was not found on this server.
2013-02-13 16:46:29.009 DonegalIOS[28565:15b03] Failed to load webpage with error: The requested URL was not found on this server.
2013-02-13 16:46:29.626 DonegalIOS[28565:15b03] Failed to load webpage with error: The requested URL was not found on this server.
2013-02-13 16:46:29.956 DonegalIOS[28565:15b03] Failed to load webpage with error: The requested URL was not found on this server.
2013-02-13 16:46:30.293 DonegalIOS[28565:15b03] Failed to load webpage with error: The requested URL was not found on this server.
2013-02-13 16:46:36.518 DonegalIOS[28565:15b03] Failed to load webpage with error: The requested URL was not found on this server.
2013-02-13 16:46:37.453 DonegalIOS[28565:15b03] Failed to load webpage with error: The requested URL was not found on this server.
2013-02-13 16:46:37.959 DonegalIOS[28565:15b03] Failed to load webpage with error: The requested URL was not found on this server.
2013-02-13 16:46:38.769 DonegalIOS[28565:15b03] Failed to load webpage with error: The requested URL was not found on this server.
2013-02-13 16:46:40.053 DonegalIOS[28565:15b03] Failed to load webpage with error: The requested URL was not found on this server.
2013-02-13 16:46:41.378 DonegalIOS[28565:15b03] Failed to load webpage with error: The requested URL was not found on this server.
2013-02-13 16:47:21.633 DonegalIOS[28737:15b03] Multi-tasking -> Device: YES, App: YES
2013-02-13 16:47:23.664 DonegalIOS[28737:15b03] Failed to load webpage with error: The requested URL was not found on this server.
2013-02-13 16:47:26.377 DonegalIOS[28737:15b03] Failed to load webpage with error: The requested URL was not found on this server.
2013-02-13 16:47:27.825 DonegalIOS[28737:15b03] Failed to load webpage with error: The requested URL was not found on this server.
2013-02-13 16:47:28.508 DonegalIOS[28737:15b03] Failed to load webpage with error: The requested URL was not found on this server.
2013-02-13 16:47:31.659 DonegalIOS[28737:15b03] Failed to load webpage with error: The requested URL was not found on this server.
2013-02-13 16:47:33.433 DonegalIOS[28737:15b03] Failed to load webpage with error: The requested URL was not found on this server.
2013-02-13 16:47:34.259 DonegalIOS[28737:15b03] Failed to load webpage with error: The requested URL was not found on this server.
2013-02-13 16:47:35.495 DonegalIOS[28737:15b03] Failed to load webpage with error: The requested URL was not found on this server.
